0 info it worked if it ends with ok
1 verbose cli [ '/usr/local/bin/node', '/usr/local/bin/npm', 'publish' ]
2 info using npm@3.10.3
3 info using node@v6.5.0
4 verbose publish [ '.' ]
5 silly cache add args [ '.', null ]
6 verbose cache add spec .
7 silly cache add parsed spec Result {
7 silly cache add   raw: '.',
7 silly cache add   scope: null,
7 silly cache add   escapedName: null,
7 silly cache add   name: null,
7 silly cache add   rawSpec: '.',
7 silly cache add   spec: '/Users/sams/projects/depalyzer',
7 silly cache add   type: 'directory' }
8 verbose addLocalDirectory /Users/sams/.npm/depalyzer/0.0.3/package.tgz not in flight; packing
9 verbose correctMkdir /Users/sams/.npm correctMkdir not in flight; initializing
10 info lifecycle depalyzer@0.0.3~prepublish: depalyzer@0.0.3
11 silly lifecycle depalyzer@0.0.3~prepublish: no script for prepublish, continuing
12 verbose tar pack [ '/Users/sams/.npm/depalyzer/0.0.3/package.tgz',
12 verbose tar pack   '/Users/sams/projects/depalyzer' ]
13 verbose tarball /Users/sams/.npm/depalyzer/0.0.3/package.tgz
14 verbose folder /Users/sams/projects/depalyzer
15 verbose addLocalTarball adding from inside cache /Users/sams/.npm/depalyzer/0.0.3/package.tgz
16 verbose correctMkdir /Users/sams/.npm correctMkdir not in flight; initializing
17 silly cache afterAdd depalyzer@0.0.3
18 verbose afterAdd /Users/sams/.npm/depalyzer/0.0.3/package/package.json not in flight; writing
19 verbose correctMkdir /Users/sams/.npm correctMkdir not in flight; initializing
20 verbose afterAdd /Users/sams/.npm/depalyzer/0.0.3/package/package.json written
21 silly publish { name: 'depalyzer',
21 silly publish   version: '0.0.3',
21 silly publish   description: 'A tool which determines whether an npm module modifies the built-in javascript types like `Array`, `Object`, etc.',
21 silly publish   bin: { depalyzer: './bin/depalyzer.js' },
21 silly publish   scripts: { test: 'echo "Error: no tests yet!" && exit 1' },
21 silly publish   author:
21 silly publish    { name: 'Sam Skjonsberg',
21 silly publish      email: 'skoneberg@codeviking.net',
21 silly publish      url: 'http://codeviking.net' },
21 silly publish   license: 'LGPL-3.0',
21 silly publish   repository:
21 silly publish    { type: 'git',
21 silly publish      url: 'git+https://github.com/codeviking/depalyzer.git' },
21 silly publish   dependencies:
21 silly publish    { chalk: '1.1.3',
21 silly publish      clone: '1.0.2',
21 silly publish      'deep-diff': '0.3.4',
21 silly publish      minimist: '1.2.0' },
21 silly publish   readme: '# depalyzer\n\nA tool which determines whether an npm module modifies the built-in javascript types like `Array`, `Object`, etc.\n\n## Installation\n\n```\nsudo npm install -g depalyzer\n```\n\n## Usage\n\n```\ndepalyzer [--verbose] module-name\n```\n\n* `module-name`: the name of the npm module to be analyzed\n* `--verbose`: optionally enable detailed output\n\n## Why?\n\nIt\'s hard to know what you\'ll get when you install a new npm module. This tool allows you to quickly check for modules which modify the built-in types, like the *623* additions and modifications made by the `true-html-escape` library to types like `Array` and `Date`.\n\nThese can and *do* have real side-effects on your software.  This tool helps developers avoid those side-effects.\n\nMay the force be with you in your journey for pure dependencies young padowan.\n\n## TODO\n\n* [ ] Test coverage\n* [ ] Expand the types which are monitored for mutations\n',
21 silly publish   readmeFilename: 'README.md',
21 silly publish   gitHead: '0f5bea51f80c2ed5f2bb4d89b1f73a08330afc8f',
21 silly publish   bugs: { url: 'https://github.com/codeviking/depalyzer/issues' },
21 silly publish   homepage: 'https://github.com/codeviking/depalyzer#readme',
21 silly publish   _id: 'depalyzer@0.0.3',
21 silly publish   _shasum: '57ac01d58dd86dbbb7f5bd0ed4b010fd926d9305',
21 silly publish   _from: '.' }
22 verbose getPublishConfig undefined
23 silly mapToRegistry name depalyzer
24 silly mapToRegistry using default registry
25 silly mapToRegistry registry https://registry.npmjs.org/
26 silly mapToRegistry data Result {
26 silly mapToRegistry   raw: 'depalyzer',
26 silly mapToRegistry   scope: null,
26 silly mapToRegistry   escapedName: 'depalyzer',
26 silly mapToRegistry   name: 'depalyzer',
26 silly mapToRegistry   rawSpec: '',
26 silly mapToRegistry   spec: 'latest',
26 silly mapToRegistry   type: 'tag' }
27 silly mapToRegistry uri https://registry.npmjs.org/depalyzer
28 verbose publish registryBase https://registry.npmjs.org/
29 silly publish uploading /Users/sams/.npm/depalyzer/0.0.3/package.tgz
30 verbose request uri https://registry.npmjs.org/depalyzer
31 verbose request sending authorization for write operation
32 info attempt registry request try #1 at 4:03:13 AM
33 verbose request using bearer token for auth
34 verbose request id 3b7184d28433833d
35 http request PUT https://registry.npmjs.org/depalyzer
36 http 403 https://registry.npmjs.org/depalyzer
37 verbose headers { 'content-type': 'application/json',
37 verbose headers   'cache-control': 'max-age=300',
37 verbose headers   'content-length': '95',
37 verbose headers   'accept-ranges': 'bytes',
37 verbose headers   date: 'Sat, 01 Oct 2016 11:03:13 GMT',
37 verbose headers   via: '1.1 varnish',
37 verbose headers   connection: 'keep-alive',
37 verbose headers   'x-served-by': 'cache-sea1920-SEA',
37 verbose headers   'x-cache': 'MISS',
37 verbose headers   'x-cache-hits': '0',
37 verbose headers   'x-timer': 'S1475319793.177719,VS0,VE71',
37 verbose headers   vary: 'Accept-Encoding' }
38 verbose request invalidating /Users/sams/.npm/registry.npmjs.org/depalyzer on PUT
39 error publish Failed PUT 403
40 verbose stack Error: "You cannot publish over the previously published version 0.0.3." : depalyzer
40 verbose stack     at makeError (/usr/local/lib/node_modules/npm/node_modules/npm-registry-client/lib/request.js:264:12)
40 verbose stack     at CachingRegistryClient.<anonymous> (/usr/local/lib/node_modules/npm/node_modules/npm-registry-client/lib/request.js:252:14)
40 verbose stack     at Request._callback (/usr/local/lib/node_modules/npm/node_modules/npm-registry-client/lib/request.js:172:14)
40 verbose stack     at Request.self.callback (/usr/local/lib/node_modules/npm/node_modules/request/request.js:200:22)
40 verbose stack     at emitTwo (events.js:106:13)
40 verbose stack     at Request.emit (events.js:191:7)
40 verbose stack     at Request.<anonymous> (/usr/local/lib/node_modules/npm/node_modules/request/request.js:1067:10)
40 verbose stack     at emitOne (events.js:101:20)
40 verbose stack     at Request.emit (events.js:188:7)
40 verbose stack     at IncomingMessage.<anonymous> (/usr/local/lib/node_modules/npm/node_modules/request/request.js:988:12)
41 verbose statusCode 403
42 verbose pkgid depalyzer
43 verbose cwd /Users/sams/projects/depalyzer
44 error Darwin 15.6.0
45 error argv "/usr/local/bin/node" "/usr/local/bin/npm" "publish"
46 error node v6.5.0
47 error npm  v3.10.3
48 error code E403
49 error "You cannot publish over the previously published version 0.0.3." : depalyzer
50 error If you need help, you may report this error at:
50 error     <https://github.com/npm/npm/issues>
51 verbose exit [ 1, true ]
